116997 [http-nio-9090-exec-2] INFO  c.d.e.c.EducatorCodeController - inside createEducatorCode :ADM124
117544 [http-nio-9090-exec-2] INFO  c.d.e.service.Impl.UserServiceImpl - inside getUserByEmailId: admin@gmail.com
118707 [http-nio-9090-exec-2] INFO  c.d.e.s.Impl.EducatorServiceImpl - inside create: ADM124
11251785 [HikariPool-1 housekeeper] WARN  com.zaxxer.hikari.pool.HikariPool - HikariPool-1 - Thread starvation or clock leap detected (housekeeper delta=3h28s769ms936µs600ns).
35878021 [HikariPool-1 housekeeper] WARN  com.zaxxer.hikari.pool.HikariPool - HikariPool-1 - Thread starvation or clock leap detected (housekeeper delta=6h50m49s723ms594µs200ns).
36938625 [http-nio-9090-exec-8] INFO  c.d.e.controller.UserController - inside disable - userId: 2c95d08185078f710185078fab2e0000
36938625 [http-nio-9090-exec-8] INFO  c.d.e.service.Impl.UserServiceImpl - inside disableUser: 2c95d08185078f710185078fab2e0000
36946683 [http-nio-9090-exec-10] INFO  c.d.e.controller.UserController - inside getUsers{}
36946683 [http-nio-9090-exec-10] INFO  c.d.e.service.Impl.UserServiceImpl - inside getUsers.
36953569 [http-nio-9090-exec-2] INFO  c.d.e.controller.UserController - inside disable - userId: 2c95d08185078f710185078fab2e0000
36953569 [http-nio-9090-exec-2] INFO  c.d.e.service.Impl.UserServiceImpl - inside disableUser: 2c95d08185078f710185078fab2e0000
36957056 [http-nio-9090-exec-3] INFO  c.d.e.controller.UserController - inside getUsers{}
36957056 [http-nio-9090-exec-3] INFO  c.d.e.service.Impl.UserServiceImpl - inside getUsers.
37071133 [http-nio-9090-exec-5] INFO  c.d.e.controller.UserController - inside createUser :user@gmail.com
37071133 [http-nio-9090-exec-5] INFO  c.d.e.service.Impl.UserServiceImpl - inside createUser: user@gmail.com
37102661 [http-nio-9090-exec-7] INFO  c.d.e.controller.UserController - inside createEducator :educator@gmail.com
37102661 [http-nio-9090-exec-7] INFO  c.d.e.service.Impl.UserServiceImpl - inside createEducator: educator@gmail.com
37102861 [http-nio-9090-exec-7] INFO  c.d.e.service.Impl.UserServiceImpl - User already exist: educator@gmail.com
37130128 [http-nio-9090-exec-8] INFO  c.d.e.controller.UserController - inside createEducator :educator@gmail.com
37130128 [http-nio-9090-exec-8] INFO  c.d.e.service.Impl.UserServiceImpl - inside createEducator: educator@gmail.com
37130377 [http-nio-9090-exec-8] INFO  c.d.e.service.Impl.UserServiceImpl - User already exist: educator@gmail.com
37371749 [http-nio-9090-exec-10] INFO  c.d.e.controller.UserController - inside getUsers{}
37371749 [http-nio-9090-exec-10] INFO  c.d.e.service.Impl.UserServiceImpl - inside getUsers.
37420432 [http-nio-9090-exec-1] INFO  c.d.e.controller.UserController - inside getUser :admin@gmail.com
37420432 [http-nio-9090-exec-1] INFO  c.d.e.service.Impl.UserServiceImpl - inside getUserByEmailId: admin@gmail.com
37442890 [http-nio-9090-exec-2] INFO  c.d.e.controller.UserController - inside getUser :2c95d08185078f710185078fab2e0000
37442890 [http-nio-9090-exec-2] INFO  c.d.e.service.Impl.UserServiceImpl - inside getUserById: 2c95d08185078f710185078fab2e0000
37447511 [http-nio-9090-exec-3] INFO  c.d.e.controller.UserController - inside getUser :2c95d08185078f710185078fab2e000
37447511 [http-nio-9090-exec-3] INFO  c.d.e.service.Impl.UserServiceImpl - inside getUserById: 2c95d08185078f710185078fab2e000
37453458 [http-nio-9090-exec-4] INFO  c.d.e.controller.UserController - inside getUser :2c95d08185078f710185078fab2e0000
37453458 [http-nio-9090-exec-4] INFO  c.d.e.service.Impl.UserServiceImpl - inside getUserById: 2c95d08185078f710185078fab2e0000
37515209 [http-nio-9090-exec-6] INFO  c.d.e.controller.UserController - inside validate - emailId: user@gmail.commobile : 8975307297
37525424 [http-nio-9090-exec-7] INFO  c.d.e.controller.UserController - inside validate - emailId: user@gmail.comobile : 8975307297
37542002 [http-nio-9090-exec-8] INFO  c.d.e.controller.UserController - inside validate - emailId: user@gmail.commobile : 8975307297
37574231 [http-nio-9090-exec-10] INFO  c.d.e.controller.UserController - inside createEducator :educator@gmail.com
37574231 [http-nio-9090-exec-10] INFO  c.d.e.service.Impl.UserServiceImpl - inside createEducator: educator@gmail.com
39093855 [SpringContextShutdownHook] INFO  o.s.o.j.LocalContainerEntityManagerFactoryBean - Closing JPA EntityManagerFactory for persistence unit 'default'
39093901 [SpringContextShutdownHook] INFO  com.zaxxer.hikari.HikariDataSource - HikariPool-1 - Shutdown initiated...
39093979 [SpringContextShutdownHook] INFO  com.zaxxer.hikari.HikariDataSource - HikariPool-1 - Shutdown completed.
